2020-07-13 12:51:24.667  INFO 268 --- [restartedMain] c.k.bikerental.BikeRentalApplication     : Starting BikeRentalApplication on DOKO2 with PID 268 (C:\Users\doko\java\projects\doko\BikeRental\target\classes started by doko in C:\Users\doko\java\projects\doko\BikeRental)
2020-07-13 12:51:24.669  INFO 268 --- [restartedMain] c.k.bikerental.BikeRentalApplication     : No active profile set, falling back to default profiles: default
2020-07-13 12:51:24.760  INFO 268 --- [restartedMain] .e.DevToolsPropertyDefaultsPostProcessor : Devtools property defaults active! Set 'spring.devtools.add-properties' to 'false' to disable
2020-07-13 12:51:24.764  INFO 268 --- [restartedMain] .e.DevToolsPropertyDefaultsPostProcessor : For additional web related logging consider setting the 'logging.level.web' property to 'DEBUG'
2020-07-13 12:51:26.064  INFO 268 --- [restartedMain] .s.d.r.c.RepositoryConfigurationDelegate : Bootstrapping Spring Data JPA repositories in DEFERRED mode.
2020-07-13 12:51:26.174  INFO 268 --- [restartedMain] .s.d.r.c.RepositoryConfigurationDelegate : Finished Spring Data repository scanning in 102ms. Found 6 JPA repository interfaces.
2020-07-13 12:51:26.854  INFO 268 --- [restartedMain] o.s.b.w.embedded.tomcat.TomcatWebServer  : Tomcat initialized with port(s): 8080 (http)
2020-07-13 12:51:26.869  INFO 268 --- [restartedMain] o.apache.catalina.core.StandardService   : Starting service [Tomcat]
2020-07-13 12:51:26.869  INFO 268 --- [restartedMain] org.apache.catalina.core.StandardEngine  : Starting Servlet engine: [Apache Tomcat/9.0.35]
2020-07-13 12:51:27.233  INFO 268 --- [restartedMain] org.apache.jasper.servlet.TldScanner     : At least one JAR was scanned for TLDs yet contained no TLDs. Enable debug logging for this logger for a complete list of JARs that were scanned but no TLDs were found in them. Skipping unneeded JARs during scanning can improve startup time and JSP compilation time.
2020-07-13 12:51:27.244  INFO 268 --- [restartedMain] o.a.c.c.C.[Tomcat].[localhost].[/]       : Initializing Spring embedded WebApplicationContext
2020-07-13 12:51:27.244  INFO 268 --- [restartedMain] o.s.web.context.ContextLoader            : Root WebApplicationContext: initialization completed in 2474 ms
2020-07-13 12:51:27.403  INFO 268 --- [restartedMain] o.s.s.concurrent.ThreadPoolTaskExecutor  : Initializing ExecutorService 'applicationTaskExecutor'
2020-07-13 12:51:27.528  INFO 268 --- [task-1] o.hibernate.jpa.internal.util.LogHelper  : HHH000204: Processing PersistenceUnitInfo [name: default]
2020-07-13 12:51:27.600  INFO 268 --- [task-1] org.hibernate.Version                    : HHH000412: Hibernate ORM core version 5.4.15.Final
2020-07-13 12:51:27.608  WARN 268 --- [restartedMain] JpaBaseConfiguration$JpaWebConfiguration : spring.jpa.open-in-view is enabled by default. Therefore, database queries may be performed during view rendering. Explicitly configure spring.jpa.open-in-view to disable this warning
2020-07-13 12:51:27.753  INFO 268 --- [task-1] o.hibernate.annotations.common.Version   : HCANN000001: Hibernate Commons Annotations {5.1.0.Final}
2020-07-13 12:51:27.864  INFO 268 --- [task-1] com.zaxxer.hikari.HikariDataSource       : HikariPool-1 - Starting...
2020-07-13 12:51:28.503  INFO 268 --- [task-1] com.zaxxer.hikari.HikariDataSource       : HikariPool-1 - Start completed.
2020-07-13 12:51:28.514  INFO 268 --- [task-1] org.hibernate.dialect.Dialect            : HHH000400: Using dialect: org.hibernate.dialect.MySQL8Dialect
2020-07-13 12:51:29.490  INFO 268 --- [task-1] o.h.e.t.j.p.i.JtaPlatformInitiator       : HHH000490: Using JtaPlatform implementation: [org.hibernate.engine.transaction.jta.platform.internal.NoJtaPlatform]
2020-07-13 12:51:29.499  INFO 268 --- [task-1] j.LocalContainerEntityManagerFactoryBean : Initialized JPA EntityManagerFactory for persistence unit 'default'
2020-07-13 12:51:29.928  INFO 268 --- [restartedMain] o.s.b.a.w.s.WelcomePageHandlerMapping    : Adding welcome page template: index
2020-07-13 12:51:29.953  INFO 268 --- [task-2] o.s.b.d.a.OptionalLiveReloadServer       : LiveReload server is running on port 35729
2020-07-13 12:51:30.124  INFO 268 --- [restartedMain] o.s.b.w.embedded.tomcat.TomcatWebServer  : Tomcat started on port(s): 8080 (http) with context path ''
2020-07-13 12:51:30.124  INFO 268 --- [restartedMain] DeferredRepositoryInitializationListener : Triggering deferred initialization of Spring Data repositories…
2020-07-13 12:51:30.600  INFO 268 --- [restartedMain] DeferredRepositoryInitializationListener : Spring Data repositories initialized!
2020-07-13 12:51:30.613  INFO 268 --- [restartedMain] c.k.bikerental.BikeRentalApplication     : Started BikeRentalApplication in 6.569 seconds (JVM running for 7.935)
2020-07-13 12:51:37.707  INFO 268 --- [http-nio-8080-exec-1] o.a.c.c.C.[Tomcat].[localhost].[/]       : Initializing Spring DispatcherServlet 'dispatcherServlet'
2020-07-13 12:51:37.708  INFO 268 --- [http-nio-8080-exec-1] o.s.web.servlet.DispatcherServlet        : Initializing Servlet 'dispatcherServlet'
2020-07-13 12:51:37.718  INFO 268 --- [http-nio-8080-exec-1] o.s.web.servlet.DispatcherServlet        : Completed initialization in 9 ms
2020-07-13 12:51:41.254  WARN 268 --- [http-nio-8080-exec-2] o.h.engine.jdbc.spi.SqlExceptionHelper   : SQL Error: 1451, SQLState: 23000
2020-07-13 12:51:41.254 ERROR 268 --- [http-nio-8080-exec-2] o.h.engine.jdbc.spi.SqlExceptionHelper   : Cannot delete or update a parent row: a foreign key constraint fails (`bike_rental`.`bike_usage`, CONSTRAINT `FKktmqbnj3ia5eu9d0ue6128b9` FOREIGN KEY (`lender_id`) REFERENCES `lender` (`id`))
2020-07-13 12:51:41.256  INFO 268 --- [http-nio-8080-exec-2] o.h.e.j.b.internal.AbstractBatchImpl     : HHH000010: On release of batch it still contained JDBC statements
2020-07-13 12:51:41.280 ERROR 268 --- [http-nio-8080-exec-2] c.k.b.c.ExceptionHandlerController       : My not found exception.
2020-07-13 12:51:41.280 ERROR 268 --- [http-nio-8080-exec-2] c.k.b.c.ExceptionHandlerController       : could not execute statement; SQL [n/a]; constraint [null]; nested exception is org.hibernate.exception.ConstraintViolationException: could not execute statement
2020-07-13 12:51:41.281  WARN 268 --- [http-nio-8080-exec-2] .m.m.a.ExceptionHandlerExceptionResolver : Resolved [org.springframework.dao.DataIntegrityViolationException: could not execute statement; SQL [n/a]; constraint [null]; nested exception is org.hibernate.exception.ConstraintViolationException: could not execute statement]
2020-07-13 12:55:07.150  WARN 16532 --- [restartedMain] JpaBaseConfiguration$JpaWebConfiguration : spring.jpa.open-in-view is enabled by default. Therefore, database queries may be performed during view rendering. Explicitly configure spring.jpa.open-in-view to disable this warning
2020-07-13 12:56:50.024  INFO 10676 --- [restartedMain] c.k.bikerental.BikeRentalApplication     : Starting BikeRentalApplication on DOKO2 with PID 10676 (C:\Users\doko\java\projects\doko\BikeRental\target\classes started by doko in C:\Users\doko\java\projects\doko\BikeRental)
2020-07-13 12:56:50.034  INFO 10676 --- [restartedMain] c.k.bikerental.BikeRentalApplication     : No active profile set, falling back to default profiles: default
2020-07-13 12:56:50.084  INFO 10676 --- [restartedMain] .e.DevToolsPropertyDefaultsPostProcessor : Devtools property defaults active! Set 'spring.devtools.add-properties' to 'false' to disable
2020-07-13 12:56:51.084  INFO 10676 --- [restartedMain] .s.d.r.c.RepositoryConfigurationDelegate : Bootstrapping Spring Data JPA repositories in DEFERRED mode.
2020-07-13 12:56:51.204  INFO 10676 --- [restartedMain] .s.d.r.c.RepositoryConfigurationDelegate : Finished Spring Data repository scanning in 110ms. Found 6 JPA repository interfaces.
2020-07-13 12:56:51.913  INFO 10676 --- [restartedMain] o.s.b.w.embedded.tomcat.TomcatWebServer  : Tomcat initialized with port(s): 8080 (http)
2020-07-13 12:56:51.923  INFO 10676 --- [restartedMain] o.apache.catalina.core.StandardService   : Starting service [Tomcat]
2020-07-13 12:56:51.923  INFO 10676 --- [restartedMain] org.apache.catalina.core.StandardEngine  : Starting Servlet engine: [Apache Tomcat/9.0.35]
2020-07-13 12:56:52.339  INFO 10676 --- [restartedMain] org.apache.jasper.servlet.TldScanner     : At least one JAR was scanned for TLDs yet contained no TLDs. Enable debug logging for this logger for a complete list of JARs that were scanned but no TLDs were found in them. Skipping unneeded JARs during scanning can improve startup time and JSP compilation time.
2020-07-13 12:56:52.354  INFO 10676 --- [restartedMain] o.a.c.c.C.[Tomcat].[localhost].[/]       : Initializing Spring embedded WebApplicationContext
2020-07-13 12:56:52.539  INFO 10676 --- [restartedMain] o.s.s.concurrent.ThreadPoolTaskExecutor  : Initializing ExecutorService 'applicationTaskExecutor'
2020-07-13 12:56:52.663  INFO 10676 --- [task-1] o.hibernate.jpa.internal.util.LogHelper  : HHH000204: Processing PersistenceUnitInfo [name: default]
2020-07-13 12:56:52.729  WARN 10676 --- [restartedMain] JpaBaseConfiguration$JpaWebConfiguration : spring.jpa.open-in-view is enabled by default. Therefore, database queries may be performed during view rendering. Explicitly configure spring.jpa.open-in-view to disable this warning
2020-07-13 12:56:52.734  INFO 10676 --- [task-1] org.hibernate.Version                    : HHH000412: Hibernate ORM core version 5.4.15.Final
2020-07-13 12:56:52.909  INFO 10676 --- [task-1] o.hibernate.annotations.common.Version   : HCANN000001: Hibernate Commons Annotations {5.1.0.Final}
2020-07-13 12:56:53.033  INFO 10676 --- [task-1] com.zaxxer.hikari.HikariDataSource       : HikariPool-1 - Starting...
2020-07-13 12:56:53.738  INFO 10676 --- [task-1] com.zaxxer.hikari.HikariDataSource       : HikariPool-1 - Start completed.
2020-07-13 12:56:53.753  INFO 10676 --- [task-1] org.hibernate.dialect.Dialect            : HHH000400: Using dialect: org.hibernate.dialect.MySQL8Dialect
2020-07-13 12:56:54.758  INFO 10676 --- [task-1] o.h.e.t.j.p.i.JtaPlatformInitiator       : HHH000490: Using JtaPlatform implementation: [org.hibernate.engine.transaction.jta.platform.internal.NoJtaPlatform]
2020-07-13 12:56:54.769  INFO 10676 --- [task-1] j.LocalContainerEntityManagerFactoryBean : Initialized JPA EntityManagerFactory for persistence unit 'default'
2020-07-13 12:56:55.188  INFO 10676 --- [task-2] o.s.b.d.a.OptionalLiveReloadServer       : LiveReload server is running on port 35729
2020-07-13 12:56:55.234  INFO 10676 --- [restartedMain] o.s.b.a.w.s.WelcomePageHandlerMapping    : Adding welcome page template: index
2020-07-13 12:56:55.424  INFO 10676 --- [restartedMain] o.s.b.w.embedded.tomcat.TomcatWebServer  : Tomcat started on port(s): 8080 (http) with context path ''
2020-07-13 12:56:55.424  INFO 10676 --- [restartedMain] DeferredRepositoryInitializationListener : Triggering deferred initialization of Spring Data repositories…
2020-07-13 12:56:55.904  INFO 10676 --- [restartedMain] DeferredRepositoryInitializationListener : Spring Data repositories initialized!
2020-07-13 12:56:55.913  INFO 10676 --- [restartedMain] c.k.bikerental.BikeRentalApplication     : Started BikeRentalApplication in 6.493 seconds (JVM running for 8.009)
